<?xml version="1.0" encoding="UTF-8"?>
<testsuite xmlns:xsi="http://www.w3.org/2001/XMLSchema-instance" xsi:noNamespaceSchemaLocation="https://maven.apache.org/surefire/maven-surefire-plugin/xsd/surefire-test-report.xsd" version="3.0.2" name="org.pamenon.GreetingEventTest" time="5.546" tests="1" errors="0" skipped="0" failures="0">
  <properties>
[...]
</properties>
  <testcase name="testWelcomeMessage" classname="org.pamenon.GreetingEventTest" time="0.991">
    <system-out><![CDATA[2024-12-10 21:52:52,203 INFO  [io.quarkus] (main) my-hello-app 1.0.0-SNAPSHOT on JVM (powered by Quarkus 3.17.3) started in 2.128s. Listening on: http://localhost:8081
2024-12-10 21:52:52,205 INFO  [io.quarkus] (main) Profile test activated. 
2024-12-10 21:52:52,205 INFO  [io.quarkus] (main) Installed features: [cdi, resteasy, resteasy-jackson, smallrye-context-propagation, vertx]
Request method:	POST
Request URI:	http://localhost:8081/welcome
Proxy:			<none>
Request params:	<none>
Query params:	<none>
Form params:	<none>
Path params:	<none>
Headers:		Accept=*/*
				Content-Type=application/json
Cookies:		<none>
Multiparts:		<none>
Body:
{
    "name": "London Java Community",
    "location": "Red Hat"
}
]]></system-out>
  </testcase>
</testsuite>